<?xml version="1.0" encoding="UTF-8"?>
<testsuite xmlns:xsi="http://www.w3.org/2001/XMLSchema-instance" xsi:noNamespaceSchemaLocation="https://maven.apache.org/surefire/maven-surefire-plugin/xsd/surefire-test-report.xsd" version="3.0.2" name="com.authentication.AuthProject.controller.UserControllerTest" time="0.144" tests="3" errors="0" skipped="0" failures="0" flakes="0">
  <properties>
[...]
</properties>
  <testcase name="getUser_shouldReturn200" classname="com.authentication.AuthProject.controller.UserControllerTest" time="0.085">
    <system-out><![CDATA[17:46:02.361 [main] INFO org.springframework.mock.web.MockServletContext -- Initializing Spring TestDispatcherServlet ''
17:46:02.361 [main] INFO org.springframework.test.web.servlet.TestDispatcherServlet -- Initializing Servlet ''
17:46:02.362 [main] INFO org.springframework.test.web.servlet.TestDispatcherServlet -- Completed initialization in 1 ms
17:46:02.369 [main] INFO com.authentication.AuthProject.controller.UserController -- Received request to fetch profile for user ID: 1
17:46:02.370 [main] INFO com.authentication.AuthProject.controller.UserController -- Successfully fetched profile for user ID: 1
]]></system-out>
  </testcase>
  <testcase name="updateProfile_shouldReturn200" classname="com.authentication.AuthProject.controller.UserControllerTest" time="0.03">
    <system-out><![CDATA[17:46:02.390 [main] INFO org.springframework.mock.web.MockServletContext -- Initializing Spring TestDispatcherServlet ''
17:46:02.391 [main] INFO org.springframework.test.web.servlet.TestDispatcherServlet -- Initializing Servlet ''
17:46:02.391 [main] INFO org.springframework.test.web.servlet.TestDispatcherServlet -- Completed initialization in 0 ms
17:46:02.403 [main] INFO com.authentication.AuthProject.controller.UserController -- Received request to update profile for user ID: 1
17:46:02.404 [main] INFO com.authentication.AuthProject.controller.UserController -- Successfully updated profile for user ID: 1
]]></system-out>
  </testcase>
  <testcase name="changePassword_shouldReturn204" classname="com.authentication.AuthProject.controller.UserControllerTest" time="0.025">
    <system-out><![CDATA[17:46:02.421 [main] INFO org.springframework.mock.web.MockServletContext -- Initializing Spring TestDispatcherServlet ''
17:46:02.421 [main] INFO org.springframework.test.web.servlet.TestDispatcherServlet -- Initializing Servlet ''
17:46:02.421 [main] INFO org.springframework.test.web.servlet.TestDispatcherServlet -- Completed initialization in 0 ms
17:46:02.432 [main] INFO com.authentication.AuthProject.controller.UserController -- Received request to change password for user ID: 1
17:46:02.433 [main] INFO com.authentication.AuthProject.controller.UserController -- Successfully changed password for user ID: 1
]]></system-out>
  </testcase>
</testsuite>